\BOOKMARK [1][]{section.1}{\376\377\0001\000\040\000I\000n\000t\000r\000o\000d\000u\000c\000t\000i\000o\000n}{}% 1
\BOOKMARK [1][]{section.2}{\376\377\0002\000\040\000D\000a\000t\000a\000\040\000a\000n\000d\000\040\000M\000e\000t\000h\000o\000d\000s}{}% 2
\BOOKMARK [2][]{subsection.2.1}{\376\377\0002\000.\0001\000\040\000A\000n\000a\000l\000y\000t\000i\000c\000a\000l\000\040\000P\000i\000p\000e\000l\000i\000n\000e\000\040\000O\000v\000e\000r\000v\000i\000e\000w}{section.2}% 3
\BOOKMARK [2][]{subsection.2.2}{\376\377\0002\000.\0002\000\040\000D\000a\000t\000a\000\040\000S\000o\000u\000r\000c\000e\000s}{section.2}% 4
\BOOKMARK [3][]{subsubsection.2.2.1}{\376\377\0002\000.\0002\000.\0001\000\040\000E\000s\000t\000i\000m\000a\000n\000d\000\040\000\046\000\040\000M\000e\000a\000s\000u\000r\000e\000m\000e\000n\000t}{subsection.2.2}% 5
\BOOKMARK [3][]{subsubsection.2.2.2}{\376\377\0002\000.\0002\000.\0002\000\040\000C\000e\000n\000s\000u\000s\000\040\000B\000u\000r\000e\000a\000u\000\040\000P\000o\000p\000u\000l\000a\000t\000i\000o\000n\000\040\000E\000s\000t\000i\000m\000a\000t\000e\000s\000\040\000P\000r\000o\000g\000r\000a\000m}{subsection.2.2}% 6
\BOOKMARK [3][]{subsubsection.2.2.3}{\376\377\0002\000.\0002\000.\0003\000\040\000D\000e\000p\000a\000r\000t\000m\000e\000n\000t\000\040\000o\000f\000\040\000H\000o\000m\000e\000l\000a\000n\000d\000\040\000S\000e\000c\000u\000r\000i\000t\000y\000\040\000L\000a\000w\000f\000u\000l\000\040\000P\000e\000r\000m\000a\000n\000e\000n\000t\000\040\000R\000e\000s\000i\000d\000e\000n\000t\000\040\000D\000a\000t\000a}{subsection.2.2}% 7
\BOOKMARK [3][]{subsubsection.2.2.4}{\376\377\0002\000.\0002\000.\0004\000\040\000A\000m\000e\000r\000i\000c\000a\000n\000\040\000C\000o\000m\000m\000u\000n\000i\000t\000y\000\040\000S\000u\000r\000v\000e\000y\000\040\000F\000o\000r\000e\000i\000g\000n\000-\000B\000o\000r\000n\000\040\000P\000o\000p\000u\000l\000a\000t\000i\000o\000n}{subsection.2.2}% 8
\BOOKMARK [3][]{subsubsection.2.2.5}{\376\377\0002\000.\0002\000.\0005\000\040\000R\000e\000f\000u\000g\000e\000e\000\040\000P\000r\000o\000c\000e\000s\000s\000i\000n\000g\000\040\000C\000e\000n\000t\000e\000r\000\040\000A\000r\000r\000i\000v\000a\000l\000\040\000D\000a\000t\000a}{subsection.2.2}% 9
\BOOKMARK [2][]{subsection.2.3}{\376\377\0002\000.\0003\000\040\000D\000e\000s\000c\000r\000i\000p\000t\000i\000v\000e\000\040\000a\000n\000d\000\040\000C\000o\000n\000c\000e\000n\000t\000r\000a\000t\000i\000o\000n\000\040\000M\000e\000t\000h\000o\000d\000s}{section.2}% 10
\BOOKMARK [2][]{subsection.2.4}{\376\377\0002\000.\0004\000\040\000T\000i\000m\000e\000\040\000S\000e\000r\000i\000e\000s\000\040\000M\000e\000t\000h\000o\000d\000s}{section.2}% 11
\BOOKMARK [3][]{subsubsection.2.4.1}{\376\377\0002\000.\0004\000.\0001\000\040\000U\000n\000i\000t\000\040\000R\000o\000o\000t\000\040\000T\000e\000s\000t\000s}{subsection.2.4}% 12
\BOOKMARK [3][]{subsubsection.2.4.2}{\376\377\0002\000.\0004\000.\0002\000\040\000A\000R\000I\000M\000A\000\040\000M\000o\000d\000e\000l\000\040\000S\000e\000l\000e\000c\000t\000i\000o\000n}{subsection.2.4}% 13
\BOOKMARK [3][]{subsubsection.2.4.3}{\376\377\0002\000.\0004\000.\0003\000\040\000S\000t\000r\000u\000c\000t\000u\000r\000a\000l\000\040\000B\000r\000e\000a\000k\000\040\000T\000e\000s\000t\000s}{subsection.2.4}% 14
\BOOKMARK [3][]{subsubsection.2.4.4}{\376\377\0002\000.\0004\000.\0004\000\040\000V\000e\000c\000t\000o\000r\000\040\000A\000u\000t\000o\000r\000e\000g\000r\000e\000s\000s\000i\000o\000n}{subsection.2.4}% 15
\BOOKMARK [2][]{subsection.2.5}{\376\377\0002\000.\0005\000\040\000P\000a\000n\000e\000l\000\040\000D\000a\000t\000a\000\040\000M\000e\000t\000h\000o\000d\000s}{section.2}% 16
\BOOKMARK [2][]{subsection.2.6}{\376\377\0002\000.\0006\000\040\000G\000r\000a\000v\000i\000t\000y\000\040\000a\000n\000d\000\040\000N\000e\000t\000w\000o\000r\000k\000\040\000M\000o\000d\000e\000l\000s}{section.2}% 17
\BOOKMARK [2][]{subsection.2.7}{\376\377\0002\000.\0007\000\040\000M\000a\000c\000h\000i\000n\000e\000\040\000L\000e\000a\000r\000n\000i\000n\000g\000\040\000M\000e\000t\000h\000o\000d\000s}{section.2}% 18
\BOOKMARK [2][]{subsection.2.8}{\376\377\0002\000.\0008\000\040\000C\000a\000u\000s\000a\000l\000\040\000I\000n\000f\000e\000r\000e\000n\000c\000e\000\040\000M\000e\000t\000h\000o\000d\000s}{section.2}% 19
\BOOKMARK [3][]{subsubsection.2.8.1}{\376\377\0002\000.\0008\000.\0001\000\040\000D\000i\000f\000f\000e\000r\000e\000n\000c\000e\000-\000i\000n\000-\000D\000i\000f\000f\000e\000r\000e\000n\000c\000e\000s}{subsection.2.8}% 20
\BOOKMARK [3][]{subsubsection.2.8.2}{\376\377\0002\000.\0008\000.\0002\000\040\000I\000n\000t\000e\000r\000r\000u\000p\000t\000e\000d\000\040\000T\000i\000m\000e\000\040\000S\000e\000r\000i\000e\000s\000\040\000\050\000C\000O\000V\000I\000D\000-\0001\0009\000\051}{subsection.2.8}% 21
\BOOKMARK [3][]{subsubsection.2.8.3}{\376\377\0002\000.\0008\000.\0003\000\040\000S\000y\000n\000t\000h\000e\000t\000i\000c\000\040\000C\000o\000m\000p\000a\000r\000a\000t\000o\000r\000\040\000\050\000D\000e\000s\000c\000r\000i\000p\000t\000i\000v\000e\000\040\000B\000e\000n\000c\000h\000m\000a\000r\000k\000\051}{subsection.2.8}% 22
\BOOKMARK [3][]{subsubsection.2.8.4}{\376\377\0002\000.\0008\000.\0004\000\040\000S\000h\000i\000f\000t\000-\000S\000h\000a\000r\000e\000\040\000\050\000B\000a\000r\000t\000i\000k\000\051\000\040\000I\000n\000d\000e\000x}{subsection.2.8}% 23
\BOOKMARK [2][]{subsection.2.9}{\376\377\0002\000.\0009\000\040\000D\000u\000r\000a\000t\000i\000o\000n\000\040\000A\000n\000a\000l\000y\000s\000i\000s}{section.2}% 24
\BOOKMARK [2][]{subsection.2.10}{\376\377\0002\000.\0001\0000\000\040\000S\000c\000e\000n\000a\000r\000i\000o\000\040\000C\000o\000n\000s\000t\000r\000u\000c\000t\000i\000o\000n}{section.2}% 25
\BOOKMARK [2][]{subsection.2.11}{\376\377\0002\000.\0001\0001\000\040\000I\000m\000p\000l\000e\000m\000e\000n\000t\000a\000t\000i\000o\000n}{section.2}% 26
\BOOKMARK [1][]{section.3}{\376\377\0003\000\040\000R\000e\000s\000u\000l\000t\000s}{}% 27
\BOOKMARK [2][]{subsection.3.1}{\376\377\0003\000.\0001\000\040\000D\000e\000s\000c\000r\000i\000p\000t\000i\000v\000e\000\040\000P\000a\000t\000t\000e\000r\000n\000s}{section.3}% 28
\BOOKMARK [2][]{subsection.3.2}{\376\377\0003\000.\0002\000\040\000G\000e\000o\000g\000r\000a\000p\000h\000i\000c\000\040\000C\000o\000n\000c\000e\000n\000t\000r\000a\000t\000i\000o\000n}{section.3}% 29
\BOOKMARK [2][]{subsection.3.3}{\376\377\0003\000.\0003\000\040\000T\000i\000m\000e\000\040\000S\000e\000r\000i\000e\000s\000\040\000P\000r\000o\000p\000e\000r\000t\000i\000e\000s}{section.3}% 30
\BOOKMARK [2][]{subsection.3.4}{\376\377\0003\000.\0004\000\040\000S\000t\000r\000u\000c\000t\000u\000r\000a\000l\000\040\000B\000r\000e\000a\000k\000\040\000A\000n\000a\000l\000y\000s\000i\000s}{section.3}% 31
\BOOKMARK [2][]{subsection.3.5}{\376\377\0003\000.\0005\000\040\000P\000a\000n\000e\000l\000\040\000D\000a\000t\000a\000\040\000R\000e\000s\000u\000l\000t\000s}{section.3}% 32
\BOOKMARK [2][]{subsection.3.6}{\376\377\0003\000.\0006\000\040\000G\000r\000a\000v\000i\000t\000y\000\040\000M\000o\000d\000e\000l\000\040\000E\000s\000t\000i\000m\000a\000t\000e\000s}{section.3}% 33
\BOOKMARK [2][]{subsection.3.7}{\376\377\0003\000.\0007\000\040\000C\000a\000u\000s\000a\000l\000\040\000I\000n\000f\000e\000r\000e\000n\000c\000e\000\040\000F\000i\000n\000d\000i\000n\000g\000s}{section.3}% 34
\BOOKMARK [3][]{subsubsection.3.7.1}{\376\377\0003\000.\0007\000.\0001\000\040\000T\000r\000a\000v\000e\000l\000\040\000B\000a\000n\000\040\000D\000i\000f\000f\000e\000r\000e\000n\000c\000e\000-\000i\000n\000-\000D\000i\000f\000f\000e\000r\000e\000n\000c\000e\000s}{subsection.3.7}% 35
\BOOKMARK [3][]{subsubsection.3.7.2}{\376\377\0003\000.\0007\000.\0002\000\040\000C\000O\000V\000I\000D\000-\0001\0009\000\040\000I\000n\000t\000e\000r\000r\000u\000p\000t\000e\000d\000\040\000T\000i\000m\000e\000\040\000S\000e\000r\000i\000e\000s}{subsection.3.7}% 36
\BOOKMARK [3][]{subsubsection.3.7.3}{\376\377\0003\000.\0007\000.\0003\000\040\000S\000y\000n\000t\000h\000e\000t\000i\000c\000\040\000C\000o\000m\000p\000a\000r\000a\000t\000o\000r\000\040\000\050\000D\000e\000s\000c\000r\000i\000p\000t\000i\000v\000e\000\040\000B\000e\000n\000c\000h\000m\000a\000r\000k\000\051}{subsection.3.7}% 37
\BOOKMARK [3][]{subsubsection.3.7.4}{\376\377\0003\000.\0007\000.\0004\000\040\000S\000h\000i\000f\000t\000-\000S\000h\000a\000r\000e\000\040\000\050\000B\000a\000r\000t\000i\000k\000\051\000\040\000I\000n\000d\000e\000x}{subsection.3.7}% 38
\BOOKMARK [2][]{subsection.3.8}{\376\377\0003\000.\0008\000\040\000D\000u\000r\000a\000t\000i\000o\000n\000\040\000A\000n\000a\000l\000y\000s\000i\000s}{section.3}% 39
\BOOKMARK [2][]{subsection.3.9}{\376\377\0003\000.\0009\000\040\000F\000o\000r\000e\000c\000a\000s\000t\000\040\000S\000c\000e\000n\000a\000r\000i\000o\000s}{section.3}% 40
\BOOKMARK [1][]{section.4}{\376\377\0004\000\040\000D\000i\000s\000c\000u\000s\000s\000i\000o\000n}{}% 41
\BOOKMARK [2][]{subsection.4.1}{\376\377\0004\000.\0001\000\040\000I\000n\000t\000e\000r\000p\000r\000e\000t\000a\000t\000i\000o\000n\000\040\000o\000f\000\040\000K\000e\000y\000\040\000F\000i\000n\000d\000i\000n\000g\000s}{section.4}% 42
\BOOKMARK [3][]{subsubsection.4.1.1}{\376\377\0004\000.\0001\000.\0001\000\040\000P\000a\000t\000t\000e\000r\000n\000s\000\040\000a\000n\000d\000\040\000S\000o\000u\000r\000c\000e\000s\000\040\000o\000f\000\040\000I\000n\000t\000e\000r\000n\000a\000t\000i\000o\000n\000a\000l\000\040\000M\000i\000g\000r\000a\000t\000i\000o\000n}{subsection.4.1}% 43
\BOOKMARK [3][]{subsubsection.4.1.2}{\376\377\0004\000.\0001\000.\0002\000\040\000T\000i\000m\000e\000\040\000S\000e\000r\000i\000e\000s\000\040\000P\000r\000o\000p\000e\000r\000t\000i\000e\000s\000\040\000a\000n\000d\000\040\000F\000o\000r\000e\000c\000a\000s\000t\000i\000n\000g\000\040\000I\000m\000p\000l\000i\000c\000a\000t\000i\000o\000n\000s}{subsection.4.1}% 44
\BOOKMARK [3][]{subsubsection.4.1.3}{\376\377\0004\000.\0001\000.\0003\000\040\000C\000a\000u\000s\000a\000l\000\040\000E\000f\000f\000e\000c\000t\000s\000\040\000o\000f\000\040\000P\000o\000l\000i\000c\000y\000\040\000I\000n\000t\000e\000r\000v\000e\000n\000t\000i\000o\000n\000s}{subsection.4.1}% 45
\BOOKMARK [3][]{subsubsection.4.1.4}{\376\377\0004\000.\0001\000.\0004\000\040\000F\000o\000r\000e\000c\000a\000s\000t\000\040\000U\000n\000c\000e\000r\000t\000a\000i\000n\000t\000y\000\040\000a\000n\000d\000\040\000S\000c\000e\000n\000a\000r\000i\000o\000\040\000R\000a\000n\000g\000e}{subsection.4.1}% 46
\BOOKMARK [2][]{subsection.4.2}{\376\377\0004\000.\0002\000\040\000C\000o\000m\000p\000a\000r\000i\000s\000o\000n\000\040\000w\000i\000t\000h\000\040\000P\000r\000i\000o\000r\000\040\000L\000i\000t\000e\000r\000a\000t\000u\000r\000e}{section.4}% 47
\BOOKMARK [2][]{subsection.4.3}{\376\377\0004\000.\0003\000\040\000P\000o\000l\000i\000c\000y\000\040\000I\000m\000p\000l\000i\000c\000a\000t\000i\000o\000n\000s}{section.4}% 48
\BOOKMARK [3][]{subsubsection.4.3.1}{\376\377\0004\000.\0003\000.\0001\000\040\000S\000t\000a\000t\000e\000-\000L\000e\000v\000e\000l\000\040\000P\000l\000a\000n\000n\000i\000n\000g\000\040\000a\000n\000d\000\040\000S\000e\000r\000v\000i\000c\000e\000\040\000P\000r\000o\000v\000i\000s\000i\000o\000n}{subsection.4.3}% 49
\BOOKMARK [3][]{subsubsection.4.3.2}{\376\377\0004\000.\0003\000.\0002\000\040\000S\000e\000n\000s\000i\000t\000i\000v\000i\000t\000y\000\040\000t\000o\000\040\000F\000e\000d\000e\000r\000a\000l\000\040\000I\000m\000m\000i\000g\000r\000a\000t\000i\000o\000n\000\040\000P\000o\000l\000i\000c\000y}{subsection.4.3}% 50
\BOOKMARK [3][]{subsubsection.4.3.3}{\376\377\0004\000.\0003\000.\0003\000\040\000R\000e\000f\000u\000g\000e\000e\000\040\000R\000e\000s\000e\000t\000t\000l\000e\000m\000e\000n\000t\000\040\000a\000n\000d\000\040\000N\000e\000t\000w\000o\000r\000k\000\040\000D\000e\000v\000e\000l\000o\000p\000m\000e\000n\000t}{subsection.4.3}% 51
\BOOKMARK [3][]{subsubsection.4.3.4}{\376\377\0004\000.\0003\000.\0004\000\040\000W\000o\000r\000k\000f\000o\000r\000c\000e\000\040\000D\000e\000v\000e\000l\000o\000p\000m\000e\000n\000t\000\040\000I\000m\000p\000l\000i\000c\000a\000t\000i\000o\000n\000s}{subsection.4.3}% 52
\BOOKMARK [2][]{subsection.4.4}{\376\377\0004\000.\0004\000\040\000L\000i\000m\000i\000t\000a\000t\000i\000o\000n\000s\000\040\000a\000n\000d\000\040\000C\000a\000v\000e\000a\000t\000s}{section.4}% 53
\BOOKMARK [1][]{section.5}{\376\377\0005\000\040\000C\000o\000n\000c\000l\000u\000s\000i\000o\000n}{}% 54
\BOOKMARK [2][]{subsection.5.1}{\376\377\0005\000.\0001\000\040\000S\000u\000m\000m\000a\000r\000y\000\040\000o\000f\000\040\000C\000o\000n\000t\000r\000i\000b\000u\000t\000i\000o\000n\000s}{section.5}% 55
\BOOKMARK [2][]{subsection.5.2}{\376\377\0005\000.\0002\000\040\000K\000e\000y\000\040\000T\000a\000k\000e\000a\000w\000a\000y\000s}{section.5}% 56
\BOOKMARK [2][]{subsection.5.3}{\376\377\0005\000.\0003\000\040\000F\000u\000t\000u\000r\000e\000\040\000R\000e\000s\000e\000a\000r\000c\000h\000\040\000D\000i\000r\000e\000c\000t\000i\000o\000n\000s}{section.5}% 57
\BOOKMARK [1][]{subsection.5.3}{\376\377\000A\000p\000p\000e\000n\000d\000i\000x}{}% 58
\BOOKMARK [1][]{appendix.A}{\376\377\000A\000\040\000F\000u\000l\000l\000\040\000R\000e\000g\000r\000e\000s\000s\000i\000o\000n\000\040\000T\000a\000b\000l\000e\000s}{}% 59
\BOOKMARK [2][]{subsection.A.1}{\376\377\000A\000.\0001\000\040\000P\000a\000n\000e\000l\000\040\000D\000a\000t\000a\000\040\000M\000o\000d\000e\000l\000s}{appendix.A}% 60
\BOOKMARK [2][]{subsection.A.2}{\376\377\000A\000.\0002\000\040\000G\000r\000a\000v\000i\000t\000y\000\040\000M\000o\000d\000e\000l\000\040\000S\000p\000e\000c\000i\000f\000i\000c\000a\000t\000i\000o\000n\000s}{appendix.A}% 61
\BOOKMARK [2][]{subsection.A.3}{\376\377\000A\000.\0003\000\040\000D\000i\000f\000f\000e\000r\000e\000n\000c\000e\000-\000i\000n\000-\000D\000i\000f\000f\000e\000r\000e\000n\000c\000e\000s\000\040\000S\000p\000e\000c\000i\000f\000i\000c\000a\000t\000i\000o\000n\000s}{appendix.A}% 62
\BOOKMARK [1][]{appendix.B}{\376\377\000B\000\040\000R\000o\000b\000u\000s\000t\000n\000e\000s\000s\000\040\000C\000h\000e\000c\000k\000s}{}% 63
\BOOKMARK [2][]{subsection.B.1}{\376\377\000B\000.\0001\000\040\000A\000l\000t\000e\000r\000n\000a\000t\000i\000v\000e\000\040\000U\000n\000i\000t\000\040\000R\000o\000o\000t\000\040\000T\000e\000s\000t\000s}{appendix.B}% 64
\BOOKMARK [2][]{subsection.B.2}{\376\377\000B\000.\0002\000\040\000A\000l\000t\000e\000r\000n\000a\000t\000i\000v\000e\000\040\000S\000t\000r\000u\000c\000t\000u\000r\000a\000l\000\040\000B\000r\000e\000a\000k\000\040\000T\000e\000s\000t\000s}{appendix.B}% 65
\BOOKMARK [2][]{subsection.B.3}{\376\377\000B\000.\0003\000\040\000S\000e\000n\000s\000i\000t\000i\000v\000i\000t\000y\000\040\000t\000o\000\040\000P\000P\000M\000L\000\040\000S\000p\000e\000c\000i\000f\000i\000c\000a\000t\000i\000o\000n}{appendix.B}% 66
\BOOKMARK [2][]{subsection.B.4}{\376\377\000B\000.\0004\000\040\000D\000i\000D\000\040\000P\000a\000r\000a\000l\000l\000e\000l\000\040\000T\000r\000e\000n\000d\000s\000\040\000R\000o\000b\000u\000s\000t\000n\000e\000s\000s}{appendix.B}% 67
\BOOKMARK [2][]{subsection.B.5}{\376\377\000B\000.\0005\000\040\000S\000c\000e\000n\000a\000r\000i\000o\000\040\000A\000r\000i\000t\000h\000m\000e\000t\000i\000c}{appendix.B}% 68
\BOOKMARK [1][]{appendix.C}{\376\377\000C\000\040\000D\000a\000t\000a\000\040\000S\000o\000u\000r\000c\000e\000s}{}% 69
\BOOKMARK [2][]{subsection.C.1}{\376\377\000C\000.\0001\000\040\000C\000e\000n\000s\000u\000s\000\040\000B\000u\000r\000e\000a\000u\000\040\000P\000o\000p\000u\000l\000a\000t\000i\000o\000n\000\040\000E\000s\000t\000i\000m\000a\000t\000e\000s\000\040\000P\000r\000o\000g\000r\000a\000m}{appendix.C}% 70
\BOOKMARK [2][]{subsection.C.2}{\376\377\000C\000.\0002\000\040\000D\000e\000p\000a\000r\000t\000m\000e\000n\000t\000\040\000o\000f\000\040\000H\000o\000m\000e\000l\000a\000n\000d\000\040\000S\000e\000c\000u\000r\000i\000t\000y\000\040\000L\000P\000R\000\040\000S\000t\000a\000t\000i\000s\000t\000i\000c\000s}{appendix.C}% 71
\BOOKMARK [2][]{subsection.C.3}{\376\377\000C\000.\0003\000\040\000A\000m\000e\000r\000i\000c\000a\000n\000\040\000C\000o\000m\000m\000u\000n\000i\000t\000y\000\040\000S\000u\000r\000v\000e\000y}{appendix.C}% 72
\BOOKMARK [2][]{subsection.C.4}{\376\377\000C\000.\0004\000\040\000R\000e\000f\000u\000g\000e\000e\000\040\000P\000r\000o\000c\000e\000s\000s\000i\000n\000g\000\040\000C\000e\000n\000t\000e\000r}{appendix.C}% 73
\BOOKMARK [2][]{subsection.C.5}{\376\377\000C\000.\0005\000\040\000A\000n\000c\000i\000l\000l\000a\000r\000y\000\040\000D\000a\000t\000a}{appendix.C}% 74
\BOOKMARK [1][]{appendix.D}{\376\377\000D\000\040\000S\000u\000p\000p\000l\000e\000m\000e\000n\000t\000a\000r\000y\000\040\000F\000i\000g\000u\000r\000e\000s}{}% 75
\BOOKMARK [2][]{subsection.D.1}{\376\377\000D\000.\0001\000\040\000S\000t\000a\000t\000e\000-\000L\000e\000v\000e\000l\000\040\000M\000i\000g\000r\000a\000t\000i\000o\000n\000\040\000D\000i\000s\000t\000r\000i\000b\000u\000t\000i\000o\000n}{appendix.D}% 76
\BOOKMARK [2][]{subsection.D.2}{\376\377\000D\000.\0002\000\040\000R\000e\000s\000i\000d\000u\000a\000l\000\040\000D\000i\000a\000g\000n\000o\000s\000t\000i\000c\000s}{appendix.D}% 77
\BOOKMARK [2][]{subsection.D.3}{\376\377\000D\000.\0003\000\040\000C\000o\000x\000\040\000M\000o\000d\000e\000l\000\040\000D\000i\000a\000g\000n\000o\000s\000t\000i\000c\000s}{appendix.D}% 78
\BOOKMARK [1][]{appendix.E}{\376\377\000E\000\040\000V\000a\000r\000i\000a\000b\000l\000e\000\040\000D\000e\000f\000i\000n\000i\000t\000i\000o\000n\000s}{}% 79
